36
-112
12510
67str_7
330
-72str_7
93
str_1str_4str_6str_2str_2
460
1str_8str_5str_1str_5
1str_1str_2str_50
str_2106str_2str_5str_0
122
14111
str_4str_3str_2str_2str_77
str_3str_424
str_8str_9
0
10str_9str_8str_7str_112
str_628
str_5str_6str_60
0str_4str_9str_4str_3
1str_5str_9
str_8str_799
0str_9str_20str_811
561str_0
179
-81str_0str_7
str_0-110
str_91107
str_5str_2133981
-55
00
00
17str_4
4119250
str_5str_90142
str_9str_7str_3
7str_0str_600
str_7str_5str_1str_5str_1
str_4str_9str_5
str_9str_7str_8-40660
str_0
str_4str_1str_41661
1
str_6str_8str_8str_7
28str_7str_0str_5
9574
str_3str_7str_5
-18str_10str_2str_8
str_2str_4str_6str_9
4915
str_000
str_3str_6str_2
str_7str_3str_00
26str_8
str_7str_91
str_51str_3str_4
1str_1str_1str_9
0249
str_2str_3str_0
-65
250
str_2str_2str_40
str_1str_8057146
1801
1str_30
str_4str_8str_5str_21
70str_4
1str_6str_81
1str_5
0str_1str_7str_71str_6
str_6str_10
0300
72str_0
113str_8str_5
8901
14
371
5720str_7str_7
00
5str_0str_9164str_8
3
-600str_715
str_844str_5str_2str_5
1str_4
640str_349
1str_51
str_70str_7str_4str_5
-89str_1740
1480
00-43
1str_7
0090
str_1str_6str_9str_2
str_8str_2str_3str_81145
-43150
1062str_0
str_6str_701150
14str_2str_9
str_3str_3str_11
str_8str_5str_9str_398
str_1str_467195
184934
098
220str_6
0str_0str_5str_618215
-209
0
str_4str_9str_5-31str_8str_2str_4
0str_1str_4
str_2str_7str_4str_4
071
str_2str_7str_5
str_4str_6str_21
str_7str_4str_0str_1str_41
14str_3str_9str_40
str_5str_518091
260
str_7186
str_7018
123180str_3
1-26
str_1410
str_6str_9str_0str_5
-270-2771
0411
167str_3
02
5str_2str_7str_8str_6
15
1
58str_9
10str_0str_7str_81
str_10
6411
110
153
046
str_9str_6
str_9str_8str_2str_0str_7
str_9str_6str_21
str_1str_70str_5
81
1786str_0str_50
50str_9
115
str_7str_4str_1str_6
-94str_2str_5
str_9str_32250
str_9str_4
1str_31
str_1str_55249
str_2str_9str_096-381
str_7str_3
str_11
str_1str_959
1014
1-4220
str_3str_5str_8str_5str_8str_40
str_0027str_3
str_6str_40
50
037str_11
str_7str_3str_1
110189
str_5
0
0str_5
str_3str_7str_4str_3str_8str_4120
str_3411str_6
1062
033
-35
1120122
0str_5str_9str_6str_3str_5
str_0str_20str_4117
10str_2str_4
0str_8str_6
184str_3str_80
00
0
700str_4
str_7430
str_2str_3str_1
62str_8str_9
0str_2
str_2-9128
10
str_1str_91str_7str_9
str_0str_3str_91
str_4
str_41
8211
471
1
str_7str_3str_8str_2
str_5str_17str_9str_0str_723
str_6str_1169
10
str_2str_1str_4
10
str_3str_46134205
0str_2str_8str_1
0-65
996211
1
102130str_9
0str_2str_5115
str_7str_9str_2107
0str_955
0str_5str_2str_2
9900
str_0str_2str_7str_51
str_2str_7str_1str_8str_9
0str_7str_9
str_8str_8str_7str_8str_6str_1
11920
119
1str_70
59
str_2str_9str_40
100
100str_1
114
-3
57str_9str_1
10
62str_1str_1str_3str_1
str_0str_9str_7str_2
87-24
str_8str_3str_831str_6
str_86216
01-71
0str_1str_2str_0str_2
-67099str_7
027
9990str_6str_60
149str_5str_3163
str_2str_5str_0str_0str_8
1
str_5str_97528
1
90144str_7
0
0str_4
0-35
str_6str_7str_91
4100
str_1
0
104str_1str_10
1043
0
str_8str_70
0651
1
str_1str_7
0
str_8str_71str_2
str_526
00str_6str_2
str_4
str_3
-111str_1str_132
59
441141str_513
str_5str_30str_8str_9str_0
461str_5
str_7-15str_2str_0str_632
-22
4249
str_5str_2str_8
str_6str_83168
-3444str_718
63
4str_2str_8str_2
0
027str_1
00str_6str_1str_141str_1
2914695
1str_6str_320
1str_6str_8str_51
0
01
-9
str_6str_5str_9str_5str_0
9356
24
134
str_4str_70str_6str_70
0
str_9str_85661
str_0str_976str_280
01str_6str_7
0-3str_4
str_2str_7str_8
803
str_2str_8str_4str_2str_2
str_6
1str_31789
0491-67
str_5str_9str_9
102278
0030
str_8str_91
1str_0str_9str_4str_7str_3str_1
10208560
1
1str_7str_6str_7str_01
0058
-4301
str_0str_7str_60
str_3-611
971
str_2str_6str_4str_45134
52860
1
1280
59str_7str_4
str_3str_62270
str_9str_5
730-13
6672
82str_8str_3str_9str_0
str_80
str_7str_7str_91930str_1
113
103611
0
1
str_0048
-1180
0010
84str_237str_2
50
str_7str_201340
str_8str_3
str_701
str_8-112
10
1str_2
str_4str_7str_7str_50
10
-4511
0116
str_0str_701
06810
1
174str_1-71
26str_826
2130str_5str_5
1015937
str_4str_5str_9str_40
str_7str_5str_2str_6str_6str_2str_7
127
00
str_1160
53116
151
str_9str_2str_4-21860
str_4
1str_5str_3str_6str_81
str_9str_7str_0str_7
str_6str_4str_9str_1
str_8str_2str_1
str_0str_81str_9str_7
5656str_0560
str_5str_2-50str_1str_3
0str_1str_3str_3
041str_8str_682
str_0str_6str_3-25
str_4str_2str_5-8
str_1-121
str_4str_5str_180
616394
str_4str_7str_2
3015226
str_7110
010
0str_6str_3str_0str_6
str_4str_350
1
01080
29-931
00
162-170
str_8str_2str_4str_4str_2-341
82
133
1
str_4str_50str_5str_9
92
1961str_7
0str_5
0str_6str_6str_761
9585
0str_40str_8
str_3str_8str_6
-12str_0str_0str_8str_7001
1
960
str_2str_3str_8
6095
010
000
128
str_3str_60
0
101
01
str_3str_6
13991
1
0str_8str_6
str_6str_5str_80str_9
092-16
059str_6str_7
1
120str_1str_5
1str_01
str_10str_4str_5
-9str_1str_4-26
str_3
890-19
str_5str_8str_6str_5
078
1str_1str_0str_6
str_9068
1190
7410str_1str_0
00
str_3str_7
1str_3str_8str_8str_0
0
11
01-61
str_3str_10
str_6str_983
str_3str_7
str_8str_1str_8125str_98540
8982
str_5str_2210
str_7str_21480
str_9str_90str_3
str_7str_9str_2str_9str_3str_3
str_8
str_5str_90str_1str_6
str_0str_8
str_0str_0str_9str_9str_5str_4str_8
18429
str_0str_610
str_0str_8str_2str_2str_6
0094
56
01
8640str_1
str_114
str_3str_52932
str_3str_1str_7str_8str_50
1-15
044
068
str_5str_4str_960
str_6str_3str_3str_053
str_1str_7str_3str_575
0
-580
-17
str_9str_6str_346
0str_5
961str_6str_3
str_0str_5
2330
2str_9str_4290
479225
500str_1str_9
0
str_549str_90
02228
0str_1
33
str_9str_0str_91
str_2str_0str_1str_0str_3
16254str_6
-6str_3str_9str_6str_8
1str_8str_901
str_0str_7str_5str_3str_0
str_0str_3str_5str_2str_9
032
str_9
0-69str_6str_2
1-33
1str_3
0
str_4str_0721
str_3str_301str_1
0-600
str_8str_001
1str_1str_327
