170str_2str_0str_31
str_6str_7str_51212str_7
-1str_3
str_8str_9
str_4str_5str_1str_4
str_6str_9str_8str_9str_50
68str_9str_7str_816
str_31
91str_9str_7
15028
1028
77
17
57
17715
str_555str_134
0str_1str_31str_4
-67str_9str_7
1str_6
-14155
38
str_5str_401
310
0-58
1
8876str_0
1str_0str_7str_0
1021str_4str_31str_2
1082
str_1str_60
103str_2
01311
00
str_2str_5str_5
95str_2str_123
379str_1
str_50154
5
86
str_1str_0str_7
102
18128str_3str_6
20str_2
str_5-66
208str_1str_4
70143
1str_6
0str_11str_7str_2
str_9101
str_9str_0str_1-27
str_9str_7str_9str_5str_6str_4str_7
str_8str_8str_9-410str_9
25str_0str_4str_60
12str_0str_557
-22
str_0str_7str_8str_1str_759-59
401
str_4str_2str_70
str_1str_91str_9
0
str_5str_7
str_0str_0str_8
17111
12358str_3
str_8str_2str_3str_2str_9
0str_518
0str_20
65100str_1
str_1str_8str_80
str_2str_2str_5str_0str_8
6310
str_8str_5str_9
0
1
str_7str_6str_898
str_9str_4
1str_1str_1str_80
str_3str_9str_2
173str_5str_2str_2str_50
str_1str_1str_3str_6
00
str_5001
0str_8str_3str_6
71111
str_0str_7
010
0-4346
12043
str_3str_3str_1str_3str_8
75str_4str_90
-41str_6str_9
0-720
str_5str_50str_3
0str_421str_2
str_7str_800
str_4str_8141
str_61str_7str_3
str_7str_0116484
081
1
10764
2481118
88
11str_8
1str_5
0str_4str_00
str_4str_5
9795
00
str_9str_1str_700
5883str_80
-9096
str_4str_1str_51str_8
0str_9str_4
str_5str_9-25
str_7str_8str_2str_0
170
152471
-3311
str_2
13
102
001
str_294
659343
187811
str_0str_8str_01380str_8
118
00str_4str_20
10
8str_243
-3018121
1120str_6
str_7str_2str_10
0str_6-20
str_5str_6str_8
0910
str_5str_45543
83str_6str_7str_40
0str_3str_7str_057
8038str_4str_0
20
121str_8str_3str_51
631str_5str_3
68176
str_7str_910
1-44
-23str_0str_9-45
47139
01str_5str_7
00
800
str_7str_6
str_8str_1str_7str_8str_1str_2str_7str_4
str_1str_9str_0
0
str_432
1194
str_2str_2str_01
67
7511
1str_1str_3
str_2str_3018
00
68
-59132
-1500
10
str_2str_7str_90
str_713
-51500
-5275
str_6
0str_50
str_3str_8str_30
-50str_7str_0
str_0str_3str_7str_0str_4
361str_1
0
31
0str_6
str_9str_5str_81
681
0str_0str_8
01
str_9str_6str_7str_425
810str_8
084str_0str_7
-40
str_6str_8str_8str_81
0str_8str_3
str_8str_500
105
250000
str_2str_6511
str_7str_6str_1
146251
0str_4
0
037
str_5str_4str_4str_71str_9str_948
360
-41
92str_3126
str_2str_8str_2str_1str_500
str_5str_3
85
4877
str_7str_1str_7
str_2185
str_5str_5str_755
str_3str_4str_401
1str_1
-12
str_0str_8str_31
59170
-121
str_8str_2str_20
str_2str_2str_7
str_7str_30str_2
094str_5
str_0str_3
4str_3str_30
00
str_4str_3str_2str_3
7749
0
str_6str_5str_1str_0str_2str_9
53119str_9str_9str_193
1-15
1
str_8str_5str_0str_7
33
str_6str_1str_9str_50
156
1
str_511435
1101
72960
str_833
85-2584
str_2str_933
01
0str_96656
str_3str_9str_2str_70
55
str_1str_4str_075
-73str_759
str_3str_027str_7
str_3str_4str_9str_6
191str_4str_1
32
str_3str_5str_2str_5
53191
str_0str_1str_80
168str_9
81
2str_2str_3str_7str_40
19611
str_3str_6str_0str_1str_0str_9
161
44str_1str_71
str_7str_1str_7str_74
01-55
str_7str_7str_5196
0str_9str_480
10
str_1str_0str_6
str_9str_6str_0str_929
1str_87420
str_1str_8str_6str_4str_6str_4str_2str_0
str_8str_4
5016
0str_3str_5str_8str_0
str_5str_4751
013
921100
59str_9str_3str_520
25str_6str_4str_7str_3
str_7str_8str_4str_4
str_4str_6str_2str_2str_94881
110
741str_0
str_7str_452
str_7640
1131
0
-19str_5
str_6str_5
str_12str_8
str_2str_9str_9str_7str_10
192
str_6str_2str_5str_7str_6str_7256
-71str_2str_5str_7
0str_572
str_91
087
430
11
1str_2str_4str_9str_6str_9str_0str_0
0str_90
110
61
15590
str_4str_4
str_4str_0str_5str_14str_7str_1str_3str_7
00
0
-77
str_9str_8str_4str_701
-109
00str_4str_3
1
str_3-17411
15791
000
str_5str_8str_7str_6str_55966
str_1str_7str_8str_20
str_5str_3str_3str_78
01str_9str_977
-400str_5str_2
11
str_64
str_8str_0-200
0str_4str_5str_10
19str_9
148str_6str_21
110-72
-2688
162str_5str_6str_2
9527
75-32
str_7str_157
str_1
3453
72str_7str_8str_3
651str_1str_0
0
0str_9
7076
8301
0str_7
00
680str_4str_686
140str_1str_226
101
142-1161
str_9str_3str_2str_1str_0237
78
str_9str_7str_0str_91
511130
str_6str_532
str_6str_9
-400str_8
1
str_2
str_6str_3176
010
str_21
01
0str_6str_9str_2
str_9str_9str_50
str_5str_4str_4str_80
0str_8
-150str_5str_7str_8str_21
-25str_2str_6
093
0
034
str_161122
06312
str_5str_1str_3str_1
str_0str_9str_118
1str_3str_9
str_9str_9str_600
132
-92
str_4str_0str_4str_5str_0
str_9str_7str_20
str_6str_2str_90
0
40-13
-721str_9str_1str_71
25str_2str_3str_3
1str_9str_0str_8str_5str_1str_71
10
1
-69194
26460
34str_1str_0
1str_5str_1str_0
str_0str_0str_90
0str_3
154
str_10
0-51
str_6str_4str_4str_0str_459str_3
str_8str_2-52str_3str_7str_4str_70
1610
0str_6
0str_0str_50str_6str_327
str_7str_6
39str_0str_931
7056
0-22112
str_2str_6381650
56
1str_1
str_9str_20
3459
str_8str_0str_9
42str_696
str_8str_3str_3
2226
0
11str_0str_4str_0
str_0str_5str_6str_4
str_0str_8140
str_0str_3str_8str_2
str_8str_7821
97
str_8str_4
str_4str_3102139str_8
0951890
str_8str_2str_1str_2
8467str_0str_827
-545
str_2str_7str_33
0str_1
22str_6
str_8str_688str_3str_2str_394
str_8str_0str_5str_0str_2
118087
-30str_0
0
046
103str_2str_1
str_1str_7str_7str_1str_3str_6str_81
str_4str_3str_9str_3-134str_7str_7str_8
-11
-2859str_8str_1
0164str_3str_5str_1str_5
1str_9str_01-65
67
320099
str_4str_80str_158
74
str_9
str_9str_60
str_7str_891139
-40131
03595
str_50
34
str_8str_1str_7str_6str_1
0str_9
str_9str_2str_201
191
175str_5str_824
str_2str_51str_8str_0str_4
str_2str_4
str_3str_6str_3
1331str_8str_1
str_734821
str_4str_70
382
195str_4str_91
-20
str_8str_1str_1str_4str_2str_51
0-30-30
1
10
97str_8
-121str_7str_56
0
-83
100
01
str_7
1str_9
1281466
66
str_4str_2str_6str_3str_21
str_0str_2-11
0
01
1
000
01
str_6str_6str_0str_3str_5str_4str_2
str_4str_5str_6str_7str_783
-17-73str_7str_1
0
111str_7
str_0str_40
1
str_4str_3str_51
60
151155
str_7
str_2str_0str_565str_648
2310938
1str_6str_7str_0
str_00str_0str_7
0str_4str_80
0102
75str_3str_0str_1str_238
00
08970
str_6str_1191
0
str_4str_2str_3str_11
1str_2str_450
069str_6str_0str_3str_0
7653str_6str_1str_8
1str_5str_7str_6
str_8str_7str_6str_2str_3
str_5str_7str_4
11
2420str_0
0str_8str_667
039str_614
0
001
str_2str_4str_7str_5str_2str_7str_0
str_4str_5str_5str_0161
str_2str_40
0
str_616
str_9str_90str_70
str_5str_20
01
str_6113
5633-53
str_3str_1
391
str_3str_7str_6str_4
540
-40
str_5str_801317890
36
46str_0str_1str_8str_6
11-15
017717
str_9str_4str_251str_9str_3
str_8
0
str_8str_6str_0
1106
17-3338
107str_9str_3str_5str_3
-1750
944str_1str_3
23str_9str_6str_01
0str_2str_1str_6str_0
2264
01
10
0str_0554590
81
str_0str_7
0str_0
6
str_3str_7str_001
str_7str_801
170-156
14668
118
str_1str_7str_50
-30160
09341
1str_9str_5str_860
127str_9str_7str_7str_0
65str_4str_91
str_7str_8str_01
43str_4str_6
-49
86
3str_61
35
036
str_02112
11-15str_7
038-8
11314
str_6str_2
str_9str_9str_10
2030str_8
str_7str_0str_3str_94584
9701
-1661
1
1193
str_91str_6
00
0
80
str_4
701
1str_6str_671
str_5str_5str_9str_40
-43str_1
str_3str_31str_610
str_51
043-27
str_8str_5str_8
str_9str_1str_6str_9str_9str_4
00
0str_2str_2
-16str_3str_1str_1
1
1str_5str_1str_2str_3
str_0str_2201
27
0-29str_9
11949str_3
271091
1771
str_4
0-36
-16str_1str_6-45
131
str_6str_6str_6
51str_6str_087
351
str_9str_5str_1str_31
56str_0str_10
str_6str_3
63str_6str_473str_5
1056
str_1500
181
1
100
0str_3str_5str_4str_5
1str_2str_6str_3
1str_6str_51
str_1str_6134str_6
str_5str_70
859213
0str_3str_50
0str_9str_6str_2str_1
150
str_9str_5str_9str_0str_30
1620
77str_81
034
195str_5str_0
0str_4str_9str_8
str_6031
1str_20
str_4-770
4692str_5
01
str_5str_1str_1str_0
str_5str_0str_1str_9str_1
str_4str_4str_9str_40
15175
0str_8
1
42str_1str_2
237
103str_6str_0str_9str_6str_4str_5
str_6str_8-21str_2
83str_0str_0139
74101
str_8str_0str_9str_3str_3str_0
1str_812
11str_51
138-3
76
00str_1
str_6str_6str_6str_8str_9
str_9str_6str_7str_3str_1str_7
067
1str_148
0
10746
82str_8str_5str_311
str_2str_957
143
0082
0str_2134
1
1str_9str_351str_4
str_6str_5str_91
0
-446489
str_2str_7str_0str_2str_7
str_7str_417835
1260
1-14str_10
str_0str_2str_9str_51
82str_60
str_610
00-130
11
str_4str_4str_020str_9
0str_4str_7str_4
str_3str_18
str_1str_8str_1
str_9str_5str_4str_1str_83991
str_5str_5str_0str_1str_4
179116str_1str_9str_1
str_4str_4014450
-18-18str_8str_0str_60str_1str_3
1str_0str_6str_988
01str_6
42str_6str_1
01str_977
-7866
11581
str_4str_9str_1str_2str_20
str_6134
1str_5str_5
str_6str_7str_30132
str_5str_9str_9str_0str_2str_945
67
211
str_3str_1str_60str_3
str_1str_4str_8str_3str_7str_7
str_5
str_0str_0str_4str_3str_22
-192
1046
0str_073371
str_8str_6str_4
9
-154
0931
str_8str_30
0str_4142
0
1126
str_8str_7str_3str_0str_60
0str_4str_7str_6
str_2str_9str_1str_1str_31str_0
9100
-26str_3str_082
1str_7
92str_0str_5str_8str_5
87str_4
str_7str_71
str_6str_10str_8str_9
str_7str_1970
79-24
25087str_6str_3str_2
str_1str_1str_8str_9
-55str_6str_821
12str_2
26str_4str_1131
1841str_2
str_7str_2str_0220
1
str_3str_9str_1str_7str_61
str_7str_50
1270str_2
000
870
str_2str_8
144str_81
1str_4str_5
str_6831
038-64
str_2str_1str_28str_5
07916
str_5str_9148
str_9str_086
str_507
0187
491
0str_2
-750str_0str_372
str_5str_4
str_4
01
079
str_7str_9str_0str_8str_40
str_6str_1str_8str_10
str_8str_91str_0str_1
0
6
68
56121
str_8str_4str_2str_5str_6str_8str_6str_8
14901
str_6str_7-24str_4str_9str_9str_61
00
str_7str_9str_20
str_7
1081str_6
str_6str_8str_9
str_2str_50-25
10155
-14str_0str_0str_4
-16122-401
6710
str_61str_4
01250
6624
str_8str_0str_9
0840
1221
-66str_8str_7
1
0str_2str_2str_4str_5str_879
0str_0str_7str_8str_5
1
4274str_8str_6str_6str_9
0str_7str_3
0str_81
0str_4str_7
str_0str_310
str_2str_0str_2str_866str_864
94str_2str_6
str_6str_6570str_0
str_2str_1str_524
08265
str_7str_3str_767
14
str_2str_0str_0str_1str_1119
str_4str_6str_4str_9str_10
0str_9str_1
str_2str_5str_8str_1str_51785
10360
str_4str_41
0
str_2str_0str_0
551-2965
191
131
21135
44str_1str_81
01250
45str_7
-54str_9str_0str_5str_4str_30
str_7str_861
1910
-12896
0
-63
-15
0
5551str_2str_9str_9
str_6str_0str_2str_3
43
str_40-51
96str_4str_5str_2str_2str_5
-11301
str_3str_8str_1str_1str_5str_5str_4str_2str_6
2898
164str_3str_8str_6str_8str_9str_2
67065
str_6str_3str_5str_5
1
-47str_186
1148-93str_613
00
str_4str_8
380
str_80str_2str_1str_30
153
str_4str_41
8832str_3
str_4str_80
09830
10
00
0021
227
28107
331
str_6str_1str_4str_1str_4str_9str_6
str_1str_194
1str_851str_0
str_3str_5str_0str_1
str_1
0
str_3str_3str_5
150
str_8str_5str_0024
str_8str_0str_111
0
1str_5str_60
100str_7str_170
1071000
1115str_326
0-148str_0str_71
-2823
179
160str_5str_1
str_4str_2str_8str_7
870
36171-127
1501116
str_1str_9
str_4str_6str_5str_9str_7str_1str_2str_3
074
1str_1
0str_9str_3113
0
10str_248
str_0str_1str_2
188
str_5str_6str_6str_80122
str_0-4128
str_5str_8134
str_6str_1str_5str_2str_219
0str_1str_161
str_7str_4str_7str_0str_70
185
str_80
1str_2str_5str_1str_0
str_8str_6str_2str_8str_5str_8
56
0str_9str_3str_817
str_3str_3str_0
str_8str_8str_8str_0str_8str_4str_3
str_3str_6str_0str_9str_5109
str_3str_11
42-19
01str_8str_5
0str_4str_10
86
1114
str_2str_5str_731str_5str_1str_0str_6
2703611
11451
59
335017840
str_7str_9-348
str_9str_7str_2str_0
str_7str_4str_1str_5
18str_9
str_7118
1671
str_5str_599
1
str_4str_7str_5str_9
str_1str_5str_7str_8str_2str_918
0str_97
0str_8str_5str_9str_0str_7
25-621
-5110
str_4149
str_2
str_6str_7str_5str_81
str_2str_6str_80
-548187
0
str_911
str_6str_30
731
40str_4str_543
1192
520str_8str_283
116
0str_2str_4str_761
24str_1str_10str_1
-910str_5
str_4str_5str_20
str_1str_4168
str_4str_6str_214str_2
131str_81
3098
1190
112401
str_0str_8165
1str_40
str_6str_698111
0
str_2
2
str_7str_3
str_1840
155str_4str_4str_1str_2str_3
7461
str_8str_8str_988
65
str_3str_51str_3str_4
10str_7str_21
53035
-1049
00
-1660
-786213
str_5str_7str_7str_4str_8str_2
475
107
880str_5
48str_91
str_9str_5str_4str_8str_51
str_2str_2str_8090
211011
1
00
1520126
0
46str_5str_4str_7str_4
1str_8str_5
